SF:lib\features\pantry\models\pantry_category.dart
DA:10,1
DA:18,0
DA:19,0
DA:20,0
DA:21,0
DA:22,0
DA:23,0
DA:24,0
DA:28,0
DA:29,0
DA:30,0
DA:31,0
DA:32,0
DA:33,0
DA:34,0
DA:38,0
DA:41,0
DA:42,0
DA:43,0
DA:45,0
DA:46,0
DA:48,0
DA:50,0
DA:53,0
DA:60,0
DA:61,0
DA:62,0
DA:63,0
DA:64,0
DA:65,0
DA:69,3
DA:70,1
DA:71,1
DA:72,1
DA:73,1
DA:74,1
DA:75,1
DA:76,1
DA:77,1
DA:78,1
DA:79,1
DA:80,1
DA:81,1
DA:85,3
DA:95,1
DA:98,1
DA:100,1
DA:101,5
DA:102,1
LF:49
LH:20
end_of_record
SF:lib\features\pantry\extensions\pantry_category_extension.dart
DA:7,1
DA:8,4
DA:12,2
DA:15,6
DA:22,1
DA:24,1
DA:25,5
DA:30,1
DA:31,2
DA:35,5
DA:38,1
DA:39,1
DA:40,2
DA:41,3
DA:42,3
DA:43,1
LF:16
LH:16
end_of_record
